# JRE version: Java(TM) SE Runtime Environment (8.0_261-b12) (build 1.8.0_261-b12)
# Java VM: Java HotSpot(TM) 64-Bit Server VM (25.261-b12 mixed mode windows-amd64 compressed oops)
Heap:
 PSYoungGen      total 38400K, used 30338K [0x00000000d5f80000, 0x00000000daa80000, 0x0000000100000000)
  eden space 33280K, 91% used [0x00000000d5f80000,0x00000000d7d20ac8,0x00000000d8000000)
  from space 5120K, 0% used [0x00000000d8000000,0x00000000d8000000,0x00000000d8500000)
  to   space 5120K, 0% used [0x00000000da580000,0x00000000da580000,0x00000000daa80000)
 ParOldGen       total 164864K, used 80553K [0x0000000081e00000, 0x000000008bf00000, 0x00000000d5f80000)
  object space 164864K, 48% used [0x0000000081e00000,0x0000000086caa4d8,0x000000008bf00000)
 Metaspace       used 11021K, capacity 11502K, committed 11520K, reserved 1058816K
  class space    used 1395K, capacity 1519K, committed 1536K, reserved 1048576K
GC Heap History (8 events):
Event: 0.789 GC heap before
{Heap before GC invocations=1 (full 0):
 PSYoungGen      total 38400K, used 31732K [0x00000000d5f80000, 0x00000000d8a00000, 0x0000000100000000)
  eden space 33280K, 95% used [0x00000000d5f80000,0x00000000d7e7d198,0x00000000d8000000)
  from space 5120K, 0% used [0x00000000d8500000,0x00000000d8500000,0x00000000d8a00000)
  to   space 5120K, 0% used [0x00000000d8000000,0x00000000d8000000,0x00000000d8500000)
 ParOldGen       total 87552K, used 0K [0x0000000081e00000, 0x0000000087380000, 0x00000000d5f80000)
  object space 87552K, 0% used [0x0000000081e00000,0x0000000081e00000,0x0000000087380000)
 Metaspace       used 9052K, capacity 9392K, committed 9472K, reserved 1056768K
  class space    used 1157K, capacity 1270K, committed 1280K, reserved 1048576K
Event: 0.796 GC heap after
Heap after GC invocations=1 (full 0):
 PSYoungGen      total 38400K, used 5106K [0x00000000d5f80000, 0x00000000d8a00000, 0x0000000100000000)
  eden space 33280K, 0% used [0x00000000d5f80000,0x00000000d5f80000,0x00000000d8000000)
  from space 5120K, 99% used [0x00000000d8000000,0x00000000d84fcbe0,0x00000000d8500000)
  to   space 5120K, 0% used [0x00000000d8500000,0x00000000d8500000,0x00000000d8a00000)
 ParOldGen       total 87552K, used 11891K [0x0000000081e00000, 0x0000000087380000, 0x00000000d5f80000)
  object space 87552K, 13% used [0x0000000081e00000,0x000000008299cfb0,0x0000000087380000)
 Metaspace       used 9052K, capacity 9392K, committed 9472K, reserved 1056768K
  class space    used 1157K, capacity 1270K, committed 1280K, reserved 1048576K
}
Event: 0.939 GC heap before
{Heap before GC invocations=2 (full 0):
 PSYoungGen      total 38400K, used 38316K [0x00000000d5f80000, 0x00000000d8a00000, 0x0000000100000000)
  eden space 33280K, 99% used [0x00000000d5f80000,0x00000000d7fee518,0x00000000d8000000)
  from space 5120K, 99% used [0x00000000d8000000,0x00000000d84fcbe0,0x00000000d8500000)
  to   space 5120K, 0% used [0x00000000d8500000,0x00000000d8500000,0x00000000d8a00000)
 ParOldGen       total 87552K, used 11891K [0x0000000081e00000, 0x0000000087380000, 0x00000000d5f80000)
  object space 87552K, 13% used [0x0000000081e00000,0x000000008299cfb0,0x0000000087380000)
 Metaspace       used 9088K, capacity 9456K, committed 9472K, reserved 1056768K
  class space    used 1157K, capacity 1270K, committed 1280K, reserved 1048576K
Event: 0.952 GC heap after
Heap after GC invocations=2 (full 0):
 PSYoungGen      total 38400K, used 5106K [0x00000000d5f80000, 0x00000000daa80000, 0x0000000100000000)
  eden space 33280K, 0% used [0x00000000d5f80000,0x00000000d5f80000,0x00000000d8000000)
  from space 5120K, 99% used [0x00000000d8500000,0x00000000d89fcbe0,0x00000000d8a00000)
  to   space 5120K, 0% used [0x00000000d8000000,0x00000000d8000000,0x00000000d8500000)
 ParOldGen       total 87552K, used 43871K [0x0000000081e00000, 0x0000000087380000, 0x00000000d5f80000)
  object space 87552K, 50% used [0x0000000081e00000,0x00000000848d7f50,0x0000000087380000)
 Metaspace       used 9088K, capacity 9456K, committed 9472K, reserved 1056768K
  class space    used 1157K, capacity 1270K, committed 1280K, reserved 1048576K
}
Event: 1.090 GC heap before
{Heap before GC invocations=3 (full 0):
 PSYoungGen      total 38400K, used 37701K [0x00000000d5f80000, 0x00000000daa80000, 0x0000000100000000)
  eden space 33280K, 97% used [0x00000000d5f80000,0x00000000d7f54a80,0x00000000d8000000)
  from space 5120K, 99% used [0x00000000d8500000,0x00000000d89fcbe0,0x00000000d8a00000)
  to   space 5120K, 0% used [0x00000000d8000000,0x00000000d8000000,0x00000000d8500000)
 ParOldGen       total 87552K, used 43871K [0x0000000081e00000, 0x0000000087380000, 0x00000000d5f80000)
  object space 87552K, 50% used [0x0000000081e00000,0x00000000848d7f50,0x0000000087380000)
 Metaspace       used 9096K, capacity 9456K, committed 9472K, reserved 1056768K
  class space    used 1157K, capacity 1270K, committed 1280K, reserved 1048576K
Event: 1.112 GC heap after
Heap after GC invocations=3 (full 0):
 PSYoungGen      total 38400K, used 5106K [0x00000000d5f80000, 0x00000000daa80000, 0x0000000100000000)
  eden space 33280K, 0% used [0x00000000d5f80000,0x00000000d5f80000,0x00000000d8000000)
  from space 5120K, 99% used [0x00000000d8000000,0x00000000d84fcbe0,0x00000000d8500000)
  to   space 5120K, 0% used [0x00000000da580000,0x00000000da580000,0x00000000daa80000)
 ParOldGen       total 87552K, used 75867K [0x0000000081e00000, 0x0000000087380000, 0x00000000d5f80000)
  object space 87552K, 86% used [0x0000000081e00000,0x0000000086816ef0,0x0000000087380000)
 Metaspace       used 9096K, capacity 9456K, committed 9472K, reserved 1056768K
  class space    used 1157K, capacity 1270K, committed 1280K, reserved 1048576K
}
Event: 1.112 GC heap before
{Heap before GC invocations=4 (full 1):
 PSYoungGen      total 38400K, used 5106K [0x00000000d5f80000, 0x00000000daa80000, 0x0000000100000000)
  eden space 33280K, 0% used [0x00000000d5f80000,0x00000000d5f80000,0x00000000d8000000)
  from space 5120K, 99% used [0x00000000d8000000,0x00000000d84fcbe0,0x00000000d8500000)
  to   space 5120K, 0% used [0x00000000da580000,0x00000000da580000,0x00000000daa80000)
 ParOldGen       total 87552K, used 75867K [0x0000000081e00000, 0x0000000087380000, 0x00000000d5f80000)
  object space 87552K, 86% used [0x0000000081e00000,0x0000000086816ef0,0x0000000087380000)
 Metaspace       used 9096K, capacity 9456K, committed 9472K, reserved 1056768K
  class space    used 1157K, capacity 1270K, committed 1280K, reserved 1048576K
Event: 1.141 GC heap after
Heap after GC invocations=4 (full 1):
 PSYoungGen      total 38400K, used 0K [0x00000000d5f80000, 0x00000000daa80000, 0x0000000100000000)
  eden space 33280K, 0% used [0x00000000d5f80000,0x00000000d5f80000,0x00000000d8000000)
  from space 5120K, 0% used [0x00000000d8000000,0x00000000d8000000,0x00000000d8500000)
  to   space 5120K, 0% used [0x00000000da580000,0x00000000da580000,0x00000000daa80000)
 ParOldGen       total 164864K, used 80553K [0x0000000081e00000, 0x000000008bf00000, 0x00000000d5f80000)
  object space 164864K, 48% used [0x0000000081e00000,0x0000000086caa4d8,0x000000008bf00000)
 Metaspace       used 9096K, capacity 9456K, committed 9472K, reserved 1056768K
  class space    used 1157K, capacity 1270K, committed 1280K, reserved 1048576K
}

